<?xml version="1.0" encoding="UTF-8"?>
<testsuite xmlns:xsi="http://www.w3.org/2001/XMLSchema-instance" xsi:noNamespaceSchemaLocation="https://maven.apache.org/surefire/maven-surefire-plugin/xsd/surefire-test-report-3.0.xsd" version="3.0" name="com.foodordering.userservice.controller.AuthControllerTest" time="10.25" tests="6" errors="0" skipped="0" failures="0">
  <properties>
[...]
</properties>
  <testcase name="register_returns400WhenUsernameBlank" classname="com.foodordering.userservice.controller.AuthControllerTest" time="1.24">
    <system-out><![CDATA[00:33:33.045 [main] INFO org.springframework.test.context.support.AnnotationConfigContextLoaderUtils -- Could not detect default configuration classes for test class [com.foodordering.userservice.controller.AuthControllerTest]: AuthControllerTest does not declare any static, non-private, non-final, nested classes annotated with @Configuration.
00:33:33.314 [main] INFO org.springframework.boot.test.context.SpringBootTestContextBootstrapper -- Found @SpringBootConfiguration com.foodordering.userservice.UserServiceApplication for test class com.foodordering.userservice.controller.AuthControllerTest

  .   ____          _            __ _ _
 /\\ / ___'_ __ _ _(_)_ __  __ _ \ \ \ \
( ( )\___ | '_ | '_| | '_ \/ _` | \ \ \ \
 \\/  ___)| |_)| | | | | || (_| |  ) ) ) )
  '  |____| .__|_| |_|_| |_\__, | / / / /
 =========|_|==============|___/=/_/_/_/
 :: Spring Boot ::                (v3.2.5)

2026-06-12T00:33:33.934+03:00  INFO 15172 --- [           main] c.f.u.controller.AuthControllerTest      : Starting AuthControllerTest using Java 17.0.2 with PID 15172 (started by Edy in C:\Users\Edy\Desktop\Work\NTT Data\nttdata-food-ordering-system\UserService\UserService)
2026-06-12T00:33:33.937+03:00  INFO 15172 --- [           main] c.f.u.controller.AuthControllerTest      : The following 1 profile is active: "test"
2026-06-12T00:33:35.315+03:00  INFO 15172 --- [           main] .s.d.r.c.RepositoryConfigurationDelegate : Bootstrapping Spring Data JPA repositories in DEFAULT mode.
2026-06-12T00:33:35.414+03:00  INFO 15172 --- [           main] .s.d.r.c.RepositoryConfigurationDelegate : Finished Spring Data repository scanning in 86 ms. Found 1 JPA repository interface.
2026-06-12T00:33:36.280+03:00  INFO 15172 --- [           main] o.hibernate.jpa.internal.util.LogHelper  : HHH000204: Processing PersistenceUnitInfo [name: default]
2026-06-12T00:33:36.399+03:00  INFO 15172 --- [           main] org.hibernate.Version                    : HHH000412: Hibernate ORM core version 6.4.4.Final
2026-06-12T00:33:36.472+03:00  INFO 15172 --- [           main] o.h.c.internal.RegionFactoryInitiator    : HHH000026: Second-level cache disabled
2026-06-12T00:33:36.993+03:00  INFO 15172 --- [           main] o.s.o.j.p.SpringPersistenceUnitInfo      : No LoadTimeWeaver setup: ignoring JPA class transformer
2026-06-12T00:33:37.048+03:00  INFO 15172 --- [           main] com.zaxxer.hikari.HikariDataSource       : HikariPool-1 - Starting...
2026-06-12T00:33:37.318+03:00  INFO 15172 --- [           main] com.zaxxer.hikari.pool.HikariPool        : HikariPool-1 - Added connection org.postgresql.jdbc.PgConnection@15e5246
2026-06-12T00:33:37.322+03:00  INFO 15172 --- [           main] com.zaxxer.hikari.HikariDataSource       : HikariPool-1 - Start completed.
2026-06-12T00:33:37.386+03:00  WARN 15172 --- [           main] org.hibernate.orm.deprecation            : HHH90000025: PostgreSQLDialect does not need to be specified explicitly using 'hibernate.dialect' (remove the property setting and it will be selected by default)
2026-06-12T00:33:38.747+03:00  INFO 15172 --- [           main] o.h.e.t.j.p.i.JtaPlatformInitiator       : HHH000489: No JTA platform available (set 'hibernate.transaction.jta.platform' to enable JTA platform integration)
2026-06-12T00:33:38.814+03:00  INFO 15172 --- [           main] j.LocalContainerEntityManagerFactoryBean : Initialized JPA EntityManagerFactory for persistence unit 'default'
2026-06-12T00:33:39.718+03:00  WARN 15172 --- [           main] JpaBaseConfiguration$JpaWebConfiguration : spring.jpa.open-in-view is enabled by default. Therefore, database queries may be performed during view rendering. Explicitly configure spring.jpa.open-in-view to disable this warning
2026-06-12T00:33:40.285+03:00  INFO 15172 --- [           main] o.s.s.web.DefaultSecurityFilterChain     : Will secure any request with [org.springframework.security.web.session.DisableEncodeUrlFilter@20040c6e, org.springframework.security.web.context.request.async.WebAsyncManagerIntegrationFilter@cbea0df, org.springframework.security.web.context.SecurityContextHolderFilter@12a7515b, org.springframework.security.web.header.HeaderWriterFilter@7e864fa4, org.springframework.web.filter.CorsFilter@396f3bf2, org.springframework.security.web.authentication.logout.LogoutFilter@6a827b0c, com.foodordering.userservice.filter.JwtAuthenticationFilter@4d682397, org.springframework.security.web.savedrequest.RequestCacheAwareFilter@2ded31cc, org.springframework.security.web.servletapi.SecurityContextHolderAwareRequestFilter@47b71556, org.springframework.security.web.authentication.AnonymousAuthenticationFilter@70fcd3e5, org.springframework.security.web.session.SessionManagementFilter@678b3746, org.springframework.security.web.access.ExceptionTranslationFilter@1c3400df, org.springframework.security.web.access.intercept.AuthorizationFilter@3a22d69f]
2026-06-12T00:33:40.998+03:00  INFO 15172 --- [           main] o.s.b.t.m.w.SpringBootMockServletContext : Initializing Spring TestDispatcherServlet ''
2026-06-12T00:33:40.998+03:00  INFO 15172 --- [           main] o.s.t.web.servlet.TestDispatcherServlet  : Initializing Servlet ''
2026-06-12T00:33:41.000+03:00  INFO 15172 --- [           main] o.s.t.web.servlet.TestDispatcherServlet  : Completed initialization in 2 ms
2026-06-12T00:33:41.040+03:00  INFO 15172 --- [           main] c.f.u.controller.AuthControllerTest      : Started AuthControllerTest in 7.504 seconds (process running for 9.211)
Hibernate: 
    select
        u1_0.id,
        u1_0.email,
        u1_0.password,
        u1_0.role,
        u1_0.username 
    from
        users u1_0
Hibernate: 
    delete 
    from
        users 
    where
        id=?
Hibernate: 
    delete 
    from
        users 
    where
        id=?
]]></system-out>
  </testcase>
  <testcase name="register_returnsTokenOnSuccess" classname="com.foodordering.userservice.controller.AuthControllerTest" time="0.204">
    <system-out><![CDATA[Hibernate: 
    select
        u1_0.id,
        u1_0.email,
        u1_0.password,
        u1_0.role,
        u1_0.username 
    from
        users u1_0
Hibernate: 
    select
        u1_0.id 
    from
        users u1_0 
    where
        u1_0.username=? 
    fetch
        first ? rows only
Hibernate: 
    select
        u1_0.id 
    from
        users u1_0 
    where
        u1_0.email=? 
    fetch
        first ? rows only
Hibernate: 
    insert 
    into
        users
        (email, password, role, username) 
    values
        (?, ?, ?, ?)
Hibernate: 
    select
        u1_0.id,
        u1_0.email,
        u1_0.password,
        u1_0.role,
        u1_0.username 
    from
        users u1_0 
    where
        u1_0.username=?
]]></system-out>
  </testcase>
  <testcase name="login_returns401OnBadCredentials" classname="com.foodordering.userservice.controller.AuthControllerTest" time="0.189">
    <system-out><![CDATA[Hibernate: 
    select
        u1_0.id,
        u1_0.email,
        u1_0.password,
        u1_0.role,
        u1_0.username 
    from
        users u1_0
Hibernate: 
    delete 
    from
        users 
    where
        id=?
Hibernate: 
    select
        u1_0.id,
        u1_0.email,
        u1_0.password,
        u1_0.role,
        u1_0.username 
    from
        users u1_0 
    where
        u1_0.username=?
]]></system-out>
  </testcase>
  <testcase name="login_returnsTokenOnSuccess" classname="com.foodordering.userservice.controller.AuthControllerTest" time="0.175">
    <system-out><![CDATA[Hibernate: 
    select
        u1_0.id,
        u1_0.email,
        u1_0.password,
        u1_0.role,
        u1_0.username 
    from
        users u1_0
Hibernate: 
    select
        u1_0.id 
    from
        users u1_0 
    where
        u1_0.username=? 
    fetch
        first ? rows only
Hibernate: 
    select
        u1_0.id 
    from
        users u1_0 
    where
        u1_0.email=? 
    fetch
        first ? rows only
Hibernate: 
    insert 
    into
        users
        (email, password, role, username) 
    values
        (?, ?, ?, ?)
Hibernate: 
    select
        u1_0.id,
        u1_0.email,
        u1_0.password,
        u1_0.role,
        u1_0.username 
    from
        users u1_0 
    where
        u1_0.username=?
Hibernate: 
    select
        u1_0.id,
        u1_0.email,
        u1_0.password,
        u1_0.role,
        u1_0.username 
    from
        users u1_0 
    where
        u1_0.username=?
Hibernate: 
    select
        u1_0.id,
        u1_0.email,
        u1_0.password,
        u1_0.role,
        u1_0.username 
    from
        users u1_0 
    where
        u1_0.username=?
Hibernate: 
    select
        u1_0.id,
        u1_0.email,
        u1_0.password,
        u1_0.role,
        u1_0.username 
    from
        users u1_0 
    where
        u1_0.username=?
]]></system-out>
  </testcase>
  <testcase name="register_returns400WhenEmailInvalid" classname="com.foodordering.userservice.controller.AuthControllerTest" time="0.025">
    <system-out><![CDATA[Hibernate: 
    select
        u1_0.id,
        u1_0.email,
        u1_0.password,
        u1_0.role,
        u1_0.username 
    from
        users u1_0
Hibernate: 
    delete 
    from
        users 
    where
        id=?
]]></system-out>
  </testcase>
  <testcase name="register_returns409WhenUsernameTaken" classname="com.foodordering.userservice.controller.AuthControllerTest" time="0.102">
    <system-out><![CDATA[Hibernate: 
    select
        u1_0.id,
        u1_0.email,
        u1_0.password,
        u1_0.role,
        u1_0.username 
    from
        users u1_0
Hibernate: 
    select
        u1_0.id 
    from
        users u1_0 
    where
        u1_0.username=? 
    fetch
        first ? rows only
Hibernate: 
    select
        u1_0.id 
    from
        users u1_0 
    where
        u1_0.email=? 
    fetch
        first ? rows only
Hibernate: 
    insert 
    into
        users
        (email, password, role, username) 
    values
        (?, ?, ?, ?)
Hibernate: 
    select
        u1_0.id,
        u1_0.email,
        u1_0.password,
        u1_0.role,
        u1_0.username 
    from
        users u1_0 
    where
        u1_0.username=?
Hibernate: 
    select
        u1_0.id 
    from
        users u1_0 
    where
        u1_0.username=? 
    fetch
        first ? rows only
]]></system-out>
  </testcase>
</testsuite>